<?xml version="1.0" encoding="UTF-8"?>
<!-- Generated by org.testng.reporters.JUnitReportReporter -->
<testsuite hostname="Muthu_Home" failures="0" tests="1" name="TestNG.loginTestMain" time="9.232" errors="0" timestamp="29 Jan 2019 18:43:08 GMT" skipped="0">
  <testcase classname="TestNG.loginTestMain" name="loginTest1" time="9.232"/>
</testsuite> <!-- TestNG.loginTestMain -->
